mode: set
github.com/truescotian/pubsub/client.go:20.63,27.2 1 1
github.com/truescotian/pubsub/client.go:30.41,32.2 1 1
github.com/truescotian/pubsub/client.go:35.32,40.2 4 1
github.com/truescotian/pubsub/client.go:43.42,49.2 2 1
github.com/truescotian/pubsub/client.go:52.53,53.31 1 1
github.com/truescotian/pubsub/client.go:53.31,55.3 1 1
github.com/truescotian/pubsub/client.go:59.26,60.15 1 1
github.com/truescotian/pubsub/client.go:60.15,61.18 1 1
github.com/truescotian/pubsub/client.go:70.3,70.18 1 1
github.com/truescotian/pubsub/client.go:61.18,63.4 1 1
github.com/truescotian/pubsub/client.go:63.9,63.45 1 1
github.com/truescotian/pubsub/client.go:63.45,65.4 1 1
github.com/truescotian/pubsub/client.go:65.9,69.4 3 0
github.com/truescotian/pubsub/hub.go:26.44,27.25 1 1
github.com/truescotian/pubsub/hub.go:27.25,29.3 1 1
github.com/truescotian/pubsub/hub.go:33.64,38.27 2 1
github.com/truescotian/pubsub/hub.go:42.2,42.15 1 1
github.com/truescotian/pubsub/hub.go:38.27,40.3 1 1
github.com/truescotian/pubsub/hub.go:84.57,98.2 3 1
github.com/truescotian/pubsub/hub.go:103.65,106.16 2 1
github.com/truescotian/pubsub/hub.go:110.2,119.17 6 1
github.com/truescotian/pubsub/hub.go:106.16,108.3 1 0
github.com/truescotian/pubsub/hub.go:122.52,124.30 2 1
github.com/truescotian/pubsub/hub.go:129.2,129.36 1 1
github.com/truescotian/pubsub/hub.go:124.30,125.17 1 1
github.com/truescotian/pubsub/hub.go:125.17,127.4 1 1
github.com/truescotian/pubsub/hub.go:133.42,138.2 4 1
github.com/truescotian/pubsub/hub.go:141.44,148.37 4 1
github.com/truescotian/pubsub/hub.go:152.2,158.26 4 1
github.com/truescotian/pubsub/hub.go:148.37,150.3 1 1
github.com/truescotian/pubsub/hub.go:158.26,160.3 1 0
github.com/truescotian/pubsub/hub.go:164.39,172.9 5 1
github.com/truescotian/pubsub/hub.go:177.2,179.22 3 1
github.com/truescotian/pubsub/hub.go:172.9,175.3 2 0
github.com/truescotian/pubsub/hub.go:185.45,188.2 2 1
github.com/truescotian/pubsub/hub.go:191.44,193.37 1 1
github.com/truescotian/pubsub/hub.go:193.37,198.36 3 1
github.com/truescotian/pubsub/hub.go:206.3,206.21 1 1
github.com/truescotian/pubsub/hub.go:198.36,199.19 1 1
github.com/truescotian/pubsub/hub.go:199.19,201.10 2 1
github.com/truescotian/pubsub/hub.go:206.21,209.4 2 1
github.com/truescotian/pubsub/hub.go:215.44,216.33 1 1
github.com/truescotian/pubsub/hub.go:216.33,218.32 1 1
github.com/truescotian/pubsub/hub.go:218.32,221.4 2 1
github.com/truescotian/pubsub/hub.go:226.40,234.9 5 1
github.com/truescotian/pubsub/hub.go:239.2,240.28 2 1
github.com/truescotian/pubsub/hub.go:234.9,237.3 2 1
github.com/truescotian/pubsub/hub.go:240.28,242.3 1 1
github.com/truescotian/pubsub/hub.go:246.41,248.22 1 1
github.com/truescotian/pubsub/hub.go:251.2,251.8 1 1
github.com/truescotian/pubsub/hub.go:248.22,250.3 1 1
github.com/truescotian/pubsub/hub.go:254.32,255.23 1 1
github.com/truescotian/pubsub/hub.go:255.23,257.3 1 1
github.com/truescotian/pubsub/hub.go:261.21,262.6 1 1
github.com/truescotian/pubsub/hub.go:262.6,263.10 1 1
github.com/truescotian/pubsub/hub.go:264.26,265.19 1 1
github.com/truescotian/pubsub/hub.go:266.28,267.21 1 1
github.com/truescotian/pubsub/hub.go:268.22,269.15 1 1
github.com/truescotian/pubsub/hub.go:270.27,271.20 1 1
github.com/truescotian/pubsub/logging.go:19.50,21.2 1 1
github.com/truescotian/pubsub/logging.go:23.46,25.27 2 1
github.com/truescotian/pubsub/logging.go:28.2,29.39 2 1
github.com/truescotian/pubsub/logging.go:33.2,33.48 1 1
github.com/truescotian/pubsub/logging.go:25.27,27.3 1 1
github.com/truescotian/pubsub/logging.go:29.39,31.3 1 1
github.com/truescotian/pubsub/logging.go:33.48,34.58 1 1
github.com/truescotian/pubsub/logging.go:44.3,44.20 1 0
github.com/truescotian/pubsub/logging.go:34.58,35.55 1 1
github.com/truescotian/pubsub/logging.go:35.55,36.54 1 1
github.com/truescotian/pubsub/logging.go:36.54,37.25 1 1
github.com/truescotian/pubsub/logging.go:40.6,40.24 1 0
github.com/truescotian/pubsub/logging.go:37.25,39.7 1 1
github.com/truescotian/pubsub/utils.go:3.58,5.27 2 1
github.com/truescotian/pubsub/utils.go:11.2,11.11 1 1
github.com/truescotian/pubsub/utils.go:5.27,6.18 1 1
github.com/truescotian/pubsub/utils.go:6.18,8.9 2 1
github.com/truescotian/pubsub/websocket.go:38.47,40.2 1 1
github.com/truescotian/pubsub/websocket.go:42.107,43.52 1 1
github.com/truescotian/pubsub/websocket.go:44.2,46.16 2 1
github.com/truescotian/pubsub/websocket.go:51.2,51.41 1 1
github.com/truescotian/pubsub/websocket.go:43.52,43.86 1 1
github.com/truescotian/pubsub/websocket.go:46.16,49.3 2 0
github.com/truescotian/pubsub/websocket.go:55.65,57.23 2 1
github.com/truescotian/pubsub/websocket.go:61.2,64.35 3 1
github.com/truescotian/pubsub/websocket.go:74.2,74.12 1 1
github.com/truescotian/pubsub/websocket.go:81.2,81.14 1 1
github.com/truescotian/pubsub/websocket.go:57.23,59.3 1 1
github.com/truescotian/pubsub/websocket.go:64.35,65.18 1 1
github.com/truescotian/pubsub/websocket.go:69.3,69.15 1 1
github.com/truescotian/pubsub/websocket.go:65.18,67.9 2 1
github.com/truescotian/pubsub/websocket.go:69.15,71.9 2 1
github.com/truescotian/pubsub/websocket.go:74.12,80.3 1 1
github.com/truescotian/pubsub/websocket.go:86.39,87.15 1 1
github.com/truescotian/pubsub/websocket.go:92.2,93.68 2 1
github.com/truescotian/pubsub/websocket.go:96.2,96.38 1 1
github.com/truescotian/pubsub/websocket.go:99.2,99.6 1 1
github.com/truescotian/pubsub/websocket.go:87.15,91.3 3 1
github.com/truescotian/pubsub/websocket.go:93.68,95.3 1 0
github.com/truescotian/pubsub/websocket.go:96.38,98.3 1 0
github.com/truescotian/pubsub/websocket.go:99.6,102.17 2 1
github.com/truescotian/pubsub/websocket.go:111.3,113.64 2 0
github.com/truescotian/pubsub/websocket.go:121.3,121.49 1 0
github.com/truescotian/pubsub/websocket.go:102.17,103.103 1 1
github.com/truescotian/pubsub/websocket.go:108.4,108.9 1 1
github.com/truescotian/pubsub/websocket.go:103.103,105.5 1 0
github.com/truescotian/pubsub/websocket.go:105.10,107.5 1 1
github.com/truescotian/pubsub/websocket.go:113.64,118.12 2 0
github.com/truescotian/pubsub/websocket.go:122.20,126.58 4 0
github.com/truescotian/pubsub/websocket.go:133.4,133.45 1 0
github.com/truescotian/pubsub/websocket.go:134.11,136.58 2 0
github.com/truescotian/pubsub/websocket.go:143.4,143.33 1 0
github.com/truescotian/pubsub/websocket.go:126.58,131.13 2 0
github.com/truescotian/pubsub/websocket.go:136.58,141.13 2 0
github.com/truescotian/pubsub/websocket.go:150.40,153.46 2 1
github.com/truescotian/pubsub/websocket.go:161.2,161.15 1 1
github.com/truescotian/pubsub/websocket.go:166.2,166.6 1 1
github.com/truescotian/pubsub/websocket.go:153.46,154.71 1 0
github.com/truescotian/pubsub/websocket.go:157.3,157.37 1 0
github.com/truescotian/pubsub/websocket.go:154.71,156.4 1 0
github.com/truescotian/pubsub/websocket.go:161.15,164.3 2 0
github.com/truescotian/pubsub/websocket.go:166.6,167.10 1 1
github.com/truescotian/pubsub/websocket.go:169.39,170.11 1 0
github.com/truescotian/pubsub/websocket.go:179.4,179.64 1 0
github.com/truescotian/pubsub/websocket.go:183.19,184.65 1 0
github.com/truescotian/pubsub/websocket.go:170.11,173.19 2 0
github.com/truescotian/pubsub/websocket.go:176.5,176.11 1 0
github.com/truescotian/pubsub/websocket.go:173.19,175.6 1 0
github.com/truescotian/pubsub/websocket.go:179.64,182.5 2 0
github.com/truescotian/pubsub/websocket.go:184.65,187.5 2 0
